cl : コマンド ライン warning D9002: 不明なオプション '/Zc:__cplusplus' を無視します。
  DirectXTexUtil.cpp
cl : コマンド ライン warning D9002: 不明なオプション '/Zc:__cplusplus' を無視します。
  BC.cpp
  BC4BC5.cpp
  BC6HBC7.cpp
  BCDirectCompute.cpp
  DirectXTexCompress.cpp
  DirectXTexCompressGPU.cpp
  DirectXTexConvert.cpp
  DirectXTexD3D11.cpp
  DirectXTexD3D12.cpp
  DirectXTexDDS.cpp
  DirectXTexFlipRotate.cpp
  DirectXTexHDR.cpp
  DirectXTexImage.cpp
  DirectXTexMipMaps.cpp
  DirectXTexMisc.cpp
  DirectXTexNormalMaps.cpp
  DirectXTexPMAlpha.cpp
  DirectXTexResize.cpp
  DirectXTexTGA.cpp
  DirectXTexWIC.cpp
  コードを生成中...
  DirectXTex_Desktop_2017_Win10.vcxproj -> C:\Users\1601298\Desktop\DirectXTex-master\DirectXTex\Bin\Desktop_2017_Win10\x64\Debug\DirectXTex.lib
